[INFO] [2015-12-18 16:51:51][org.springframework.beans.factory.xml.XmlBeanDefinitionReader]Loading XML bean definitions from class path resource [spring-mybatis.xml]
  [INFO] [2015-12-18 16:51:52][org.springframework.context.support.GenericApplicationContext]Refreshing org.springframework.context.support.GenericApplicationContext@7def534e: startup date [Fri Dec 18 16:51:52 CST 2015]; root of context hierarchy
  [INFO] [2015-12-18 16:51:52][org.springframework.beans.factory.config.PropertyPlaceholderConfigurer]Loading properties file from class path resource [jdbc.properties]
  [INFO] [2015-12-18 16:51:52][org.springframework.beans.factory.annotation.AutowiredAnnotationBeanPostProcessor]JSR-330 'javax.inject.Inject' annotation found and supported for autowiring
  [INFO] [2015-12-18 16:51:52][ssm.testmybatis.TestMyBatis]{"age":24,"id":1,"password":"123456","userName":"admin"}
  [INFO] [2015-12-18 16:51:52][org.springframework.context.support.GenericApplicationContext]Closing org.springframework.context.support.GenericApplicationContext@7def534e: startup date [Fri Dec 18 16:51:52 CST 2015]; root of context hierarchy
  [INFO] [2015-12-18 18:12:37][org.springframework.beans.factory.xml.XmlBeanDefinitionReader]Loading XML bean definitions from class path resource [spring-mybatis.xml]
  [INFO] [2015-12-18 18:12:37][org.springframework.context.support.GenericApplicationContext]Refreshing org.springframework.context.support.GenericApplicationContext@7def534e: startup date [Fri Dec 18 18:12:37 CST 2015]; root of context hierarchy
  [INFO] [2015-12-18 18:12:37][org.springframework.beans.factory.config.PropertyPlaceholderConfigurer]Loading properties file from class path resource [jdbc.properties]
  [INFO] [2015-12-18 18:12:37][org.springframework.beans.factory.annotation.AutowiredAnnotationBeanPostProcessor]JSR-330 'javax.inject.Inject' annotation found and supported for autowiring
  [INFO] [2015-12-18 18:12:38][ssm.testmybatis.TestMyBatis]{"age":24,"id":1,"password":"123456","userName":"admin"}
  [INFO] [2015-12-18 18:12:38][org.springframework.context.support.GenericApplicationContext]Closing org.springframework.context.support.GenericApplicationContext@7def534e: startup date [Fri Dec 18 18:12:37 CST 2015]; root of context hierarchy
  [INFO] [2015-12-25 16:07:13][org.springframework.beans.factory.xml.XmlBeanDefinitionReader]Loading XML bean definitions from class path resource [spring-mybatis.xml]
  [INFO] [2015-12-25 16:07:14][org.springframework.context.support.GenericApplicationContext]Refreshing org.springframework.context.support.GenericApplicationContext@7dfabdc2: startup date [Fri Dec 25 16:07:14 CST 2015]; root of context hierarchy
  [INFO] [2015-12-25 16:07:14][org.springframework.beans.factory.config.PropertyPlaceholderConfigurer]Loading properties file from class path resource [jdbc.properties]
  [INFO] [2015-12-25 16:07:14][org.springframework.beans.factory.annotation.AutowiredAnnotationBeanPostProcessor]JSR-330 'javax.inject.Inject' annotation found and supported for autowiring
  [INFO] [2015-12-25 16:07:16][org.springframework.context.support.GenericApplicationContext]Closing org.springframework.context.support.GenericApplicationContext@7dfabdc2: startup date [Fri Dec 25 16:07:14 CST 2015]; root of context hierarchy
  [INFO] [2015-12-25 16:07:54][org.springframework.beans.factory.xml.XmlBeanDefinitionReader]Loading XML bean definitions from class path resource [spring-mybatis.xml]
  [INFO] [2015-12-25 16:07:54][org.springframework.context.support.GenericApplicationContext]Refreshing org.springframework.context.support.GenericApplicationContext@7dfabdc2: startup date [Fri Dec 25 16:07:54 CST 2015]; root of context hierarchy
  [INFO] [2015-12-25 16:07:54][org.springframework.beans.factory.config.PropertyPlaceholderConfigurer]Loading properties file from class path resource [jdbc.properties]
  [INFO] [2015-12-25 16:07:54][org.springframework.beans.factory.annotation.AutowiredAnnotationBeanPostProcessor]JSR-330 'javax.inject.Inject' annotation found and supported for autowiring
  [INFO] [2015-12-25 16:07:55][ssm.testmybatis.TestMyBatis]{"age":24,"id":1,"password":"123456","userName":"admin"}
  [INFO] [2015-12-25 16:07:55][org.springframework.context.support.GenericApplicationContext]Closing org.springframework.context.support.GenericApplicationContext@7dfabdc2: startup date [Fri Dec 25 16:07:54 CST 2015]; root of context hierarchy
  [INFO] [2016-04-05 14:51:57][org.springframework.beans.factory.xml.XmlBeanDefinitionReader]Loading XML bean definitions from class path resource [spring-mybatis.xml]
  [INFO] [2016-04-05 14:51:57][org.springframework.context.support.GenericApplicationContext]Refreshing org.springframework.context.support.GenericApplicationContext@7dfabdc2: startup date [Tue Apr 05 14:51:57 CST 2016]; root of context hierarchy
  [INFO] [2016-04-05 14:51:57][org.springframework.beans.factory.config.PropertyPlaceholderConfigurer]Loading properties file from class path resource [jdbc.properties]
  [INFO] [2016-04-05 14:51:57][org.springframework.beans.factory.annotation.AutowiredAnnotationBeanPostProcessor]JSR-330 'javax.inject.Inject' annotation found and supported for autowiring
  [INFO] [2016-04-05 14:51:59][org.springframework.context.support.GenericApplicationContext]Closing org.springframework.context.support.GenericApplicationContext@7dfabdc2: startup date [Tue Apr 05 14:51:57 CST 2016]; root of context hierarchy
  